AMap_Android_API_3DMap_Demo_V2.4.0_Location_API_V1.3.0/proguard.cfg
#
# Proguard config for the demo project.
#

# Standard config from ADT

-dontpreverify
-flattenpackagehierarchy
-optimizationpasses 5
-dontusemixedcaseclassnames
-dontskipnonpubliclibraryclasses
-verbose
-optimizations !code/simplification/arithmetic,!field/*,!class/merging/*

-libraryjars libs/AMap_3DMap_V2.4.1.jar
-libraryjars libs/AMap_Services_V2.4.0.jar
-libraryjars libs/Android_Location_V1.3.2.jar

-keep public class * extends android.app.Activity
-keep public class * extends android.app.Application
-keep public class * extends android.app.Service
-keep public class * extends android.content.BroadcastReceiver
-keep public class * extends android.content.ContentProvider
-keep public class * extends android.app.backup.BackupAgentHelper
-keep public class * extends android.preference.Preference
-keep public class com.android.vending.licensing.ILicensingService
   

-keepattributes *Annotation*

-keepclasseswithmembernames class * {
    native <methods>;
}

-keepclasseswithmembers class * {
    public <init>(android.content.Context, android.util.AttributeSet);
}

-keepclasseswithmembers class * {
    public <init>(android.content.Context, android.util.AttributeSet, int);
}

-keepclassmembers class * extends android.app.Activity {
   public void *(android.view.View);
}

-keepclassmembers enum * {
    public static **[] values();
    public static ** valueOf(java.lang.String);
}

-keep class * implements android.os.Parcelable {
  public static final android.os.Parcelable$Creator *;
}
#如果有其它包有warning，在报出warning的包加入下面类似的-dontwarn 报名
#高德相关混淆文件
#3D 地图
-keep   class com.amap.api.mapcore.**{*;} 
-keep   class com.amap.api.maps.**{*;} 
-keep   class com.autonavi.amap.mapcore.*{*;} 
#Location
-keep   class com.amap.api.location.**{*;} 
-keep   class com.aps.**{*;} 
#Service
-keep   class com.amap.api.services.**{*;} 

