AMap_Android_API_3DMap_Demo_V2.4.0_Location_API_V1.3.0/proguard/seeds.txt
com.doubletuan.wing.MainActivity
com.doubletuan.wing.MainActivity: MainActivity()
com.doubletuan.wing.R$array: int layers_array
com.doubletuan.wing.R$color: int grey
com.doubletuan.wing.R$drawable: int arrow
com.doubletuan.wing.R$drawable: int badge_sa
com.doubletuan.wing.R$drawable: int badge_wa
com.doubletuan.wing.R$drawable: int btn_default_small
com.doubletuan.wing.R$drawable: int btn_default_small_normal
com.doubletuan.wing.R$drawable: int btn_default_small_normal_disable
com.doubletuan.wing.R$drawable: int btn_default_small_pressed
com.doubletuan.wing.R$drawable: int btn_map_poi
com.doubletuan.wing.R$drawable: int btn_nav_drag_down
com.doubletuan.wing.R$drawable: int btn_nav_drag_down_normal
com.doubletuan.wing.R$drawable: int btn_nav_drag_down_pressed
com.doubletuan.wing.R$drawable: int btn_poi_search_normal
com.doubletuan.wing.R$drawable: int btn_route_next
com.doubletuan.wing.R$drawable: int btn_route_pre
com.doubletuan.wing.R$drawable: int bus
com.doubletuan.wing.R$drawable: int car
com.doubletuan.wing.R$drawable: int custom_info_bubble
com.doubletuan.wing.R$drawable: int direct_mapsearch
com.doubletuan.wing.R$drawable: int direct_mapsearch_pressed
com.doubletuan.wing.R$drawable: int divider
com.doubletuan.wing.R$drawable: int downarrow
com.doubletuan.wing.R$drawable: int end
com.doubletuan.wing.R$drawable: int groundoverlay
com.doubletuan.wing.R$drawable: int ic_launcher
com.doubletuan.wing.R$drawable: int icon_poisearch
com.doubletuan.wing.R$drawable: int left_back
com.doubletuan.wing.R$drawable: int location_marker
com.doubletuan.wing.R$drawable: int man
com.doubletuan.wing.R$id: int ListView_nav_search_list_poi
com.doubletuan.wing.R$id: int Lujiazui
com.doubletuan.wing.R$id: int RelativeLayout_roadsearch_top
com.doubletuan.wing.R$id: int Zhongguancun
com.doubletuan.wing.R$id: int alphaSeekBar
com.doubletuan.wing.R$id: int animate
com.doubletuan.wing.R$id: int autotextview_roadsearch_goals
com.doubletuan.wing.R$id: int autotextview_roadsearch_start
com.doubletuan.wing.R$id: int badge
com.doubletuan.wing.R$id: int bottom_center
com.doubletuan.wing.R$id: int bottom_left
com.doubletuan.wing.R$id: int bottom_right
com.doubletuan.wing.R$id: int btn_layout
com.doubletuan.wing.R$id: int busName
com.doubletuan.wing.R$id: int busid
com.doubletuan.wing.R$id: int busname
com.doubletuan.wing.R$id: int buttonScale
com.doubletuan.wing.R$id: int camera_text
com.doubletuan.wing.R$id: int city
com.doubletuan.wing.R$id: int cityName
com.doubletuan.wing.R$id: int city_down
com.doubletuan.wing.R$id: int city_name
com.doubletuan.wing.R$id: int city_size
com.doubletuan.wing.R$id: int clearMap
com.doubletuan.wing.R$id: int compass_toggle
com.doubletuan.wing.R$id: int custom_info_contents
com.doubletuan.wing.R$id: int custom_info_window
com.doubletuan.wing.R$id: int custom_info_window_options
com.doubletuan.wing.R$id: int default_info_window
com.doubletuan.wing.R$id: int description
com.doubletuan.wing.R$id: int firstfloor
com.doubletuan.wing.R$id: int geoButton
com.doubletuan.wing.R$id: int gps_follow_button
...
com.amap.api.maps.offlinemap.d
com.amap.api.maps.offlinemap.d: java.util.concurrent.CopyOnWriteArrayList a
com.amap.api.maps.offlinemap.d: java.util.concurrent.CopyOnWriteArrayList b
com.amap.api.maps.offlinemap.d: java.util.concurrent.CopyOnWriteArrayList c
com.amap.api.maps.offlinemap.d: java.util.concurrent.CopyOnWriteArrayList d
com.amap.api.maps.offlinemap.d: android.os.Handler f
com.amap.api.maps.offlinemap.d: android.os.Bundle g
com.amap.api.maps.offlinemap.d: java.lang.String h
com.amap.api.maps.offlinemap.d: android.content.Context i
com.amap.api.maps.offlinemap.d: com.amap.api.maps.offlinemap.j e
com.amap.api.maps.offlinemap.d: com.amap.api.maps.offlinemap.OfflineMapManager j
com.amap.api.maps.offlinemap.d: com.amap.api.maps.AMap k
com.amap.api.maps.offlinemap.d: java.lang.String a()
com.amap.api.maps.offlinemap.d: d(android.content.Context,android.os.Handler,com.amap.api.maps.offlinemap.OfflineMapManager)
com.amap.api.maps.offlinemap.d: d(android.content.Context,android.os.Handler,com.amap.api.maps.offlinemap.OfflineMapManager,com.amap.api.maps.AMap)
com.amap.api.maps.offlinemap.d: void a(int)
com.amap.api.maps.offlinemap.d: void b(int)
com.amap.api.maps.offlinemap.d: void b()
com.amap.api.maps.offlinemap.d: boolean a(com.amap.api.maps.offlinemap.l)
com.amap.api.maps.offlinemap.d: void c()
com.amap.api.maps.offlinemap.d: void d()
com.amap.api.maps.offlinemap.d: void f()
com.amap.api.maps.offlinemap.d: void a(java.io.File)
com.amap.api.maps.offlinemap.e
com.amap.api.maps.offlinemap.e: e(android.content.Context,java.lang.String)
com.amap.api.maps.offlinemap.e: java.lang.String getURL()
com.amap.api.maps.offlinemap.e: com.amap.api.maps.offlinemap.OfflineInitBean a(java.lang.String)
com.amap.api.maps.offlinemap.e: java.util.Map getParams()
com.amap.api.maps.offlinemap.e: java.lang.Object paseJSON(java.lang.String)
com.amap.api.maps.offlinemap.f
com.amap.api.maps.offlinemap.f: f()
com.amap.api.maps.offlinemap.f: com.amap.api.maps.offlinemap.OfflineMapCity a(android.os.Parcel)
com.amap.api.maps.offlinemap.f: com.amap.api.maps.offlinemap.OfflineMapCity[] a(int)
com.amap.api.maps.offlinemap.f: java.lang.Object[] newArray(int)
com.amap.api.maps.offlinemap.f: java.lang.Object createFromParcel(android.os.Parcel)
com.amap.api.maps.offlinemap.g
com.amap.api.maps.offlinemap.g: g()
com.amap.api.maps.offlinemap.g: com.amap.api.maps.offlinemap.OfflineMapProvince a(android.os.Parcel)
com.amap.api.maps.offlinemap.g: com.amap.api.maps.offlinemap.OfflineMapProvince[] a(int)
com.amap.api.maps.offlinemap.g: java.lang.Object[] newArray(int)
com.amap.api.maps.offlinemap.g: java.lang.Object createFromParcel(android.os.Parcel)
com.amap.api.maps.offlinemap.h
com.amap.api.maps.offlinemap.h: android.content.Context d
com.amap.api.maps.offlinemap.h: h(android.content.Context,java.lang.String)
com.amap.api.maps.offlinemap.h: void a(android.content.Context)
com.amap.api.maps.offlinemap.h: java.util.List a(byte[])
com.amap.api.maps.offlinemap.h: void b(java.lang.String)
com.amap.api.maps.offlinemap.h: long a()
com.amap.api.maps.offlinemap.h: java.lang.String getURL()
com.amap.api.maps.offlinemap.h: java.util.List a(java.lang.String)
com.amap.api.maps.offlinemap.h: java.util.Map getParams()
com.amap.api.maps.offlinemap.h: java.lang.Object loadData(byte[])
com.amap.api.maps.offlinemap.h: java.lang.Object paseJSON(java.lang.String)
com.amap.api.maps.offlinemap.i
com.amap.api.maps.offlinemap.i: i()
com.amap.api.maps.offlinemap.i: com.amap.api.maps.offlinemap.Province a(android.os.Parcel)
com.amap.api.maps.offlinemap.i: com.amap.api.maps.offlinemap.Province[] a(int)
com.amap.api.maps.offlinemap.i: java.lang.Object[] newArray(int)
com.amap.api.maps.offlinemap.i: java.lang.Object createFromParcel(android.os.Parcel)