AMap_Android_API_3DMap_Demo_V2.4.0_Location_API_V1.3.0/proguard/mapping.txt
com.doubletuan.wing.MainActivity -> com.doubletuan.wing.MainActivity:
    com.doubletuan.wing.MainActivity$DemoDetails[] demos -> a
    void onCreate(android.os.Bundle) -> onCreate
    void onBackPressed() -> onBackPressed
    void onListItemClick(android.widget.ListView,android.view.View,int,long) -> onListItemClick
com.doubletuan.wing.MainActivity$CustomArrayAdapter -> com.doubletuan.wing.a:
    android.view.View getView(int,android.view.View,android.view.ViewGroup) -> getView
com.doubletuan.wing.MainActivity$DemoDetails -> com.doubletuan.wing.b:
    int titleId -> a
    int descriptionId -> b
    java.lang.Class activityClass -> c
    int access$0(com.doubletuan.wing.MainActivity$DemoDetails) -> a
    int access$1(com.doubletuan.wing.MainActivity$DemoDetails) -> b
    java.lang.Class access$2(com.doubletuan.wing.MainActivity$DemoDetails) -> c
com.doubletuan.wing.basic.BaseMapFragmentActivity -> com.doubletuan.wing.basic.BaseMapFragmentActivity:
    com.amap.api.maps.AMap mMap -> n
    void onCreate(android.os.Bundle) -> onCreate
    void onResume() -> onResume
    void onDestroy() -> onDestroy
    void setUpMapIfNeeded() -> f
com.doubletuan.wing.basic.BasicMapActivity -> com.doubletuan.wing.basic.BasicMapActivity:
    com.amap.api.maps.MapView mapView -> a
    com.amap.api.maps.AMap aMap -> b
    void onCreate(android.os.Bundle) -> onCreate
    void init() -> a
    void onResume() -> onResume
    void onPause() -> onPause
    void onSaveInstanceState(android.os.Bundle) -> onSaveInstanceState
    void onDestroy() -> onDestroy
com.doubletuan.wing.basic.CameraActivity -> com.doubletuan.wing.basic.CameraActivity:
    com.amap.api.maps.MapView mapView -> a
    com.amap.api.maps.AMap aMap -> b
    void onCreate(android.os.Bundle) -> onCreate
    void init() -> a
    void setUpMap() -> b
    void onResume() -> onResume
    void onPause() -> onPause
    void onSaveInstanceState(android.os.Bundle) -> onSaveInstanceState
    void onDestroy() -> onDestroy
    void changeCamera(com.amap.api.maps.CameraUpdate,com.amap.api.maps.AMap$CancelableCallback) -> a
    void onClick(android.view.View) -> onClick
    void onCancel() -> onCancel
    void onFinish() -> onFinish
com.doubletuan.wing.basic.EventsActivity -> com.doubletuan.wing.basic.EventsActivity:
    com.amap.api.maps.AMap aMap -> a
    com.amap.api.maps.MapView mapView -> b
    android.widget.TextView mTapTextView -> c
    android.widget.TextView mCameraTextView -> d
    android.widget.TextView mTouchTextView -> e
    void onCreate(android.os.Bundle) -> onCreate
    void init() -> a
    void setUpMap() -> b
    void onResume() -> onResume
    void onPause() -> onPause
    void onSaveInstanceState(android.os.Bundle) -> onSaveInstanceState
    void onDestroy() -> onDestroy
    void onMapClick(com.amap.api.maps.model.LatLng) -> onMapClick
    void onMapLongClick(com.amap.api.maps.model.LatLng) -> onMapLongClick
    void onCameraChange(com.amap.api.maps.model.CameraPosition) -> onCameraChange
    void onCameraChangeFinish(com.amap.api.maps.model.CameraPosition) -> onCameraChangeFinish
    void onTouch(android.view.MotionEvent) -> onTouch
com.doubletuan.wing.basic.HeatMapActivity -> com.doubletuan.wing.basic.HeatMapActivity:
    com.amap.api.maps.MapView mMapView -> c
    com.amap.api.maps.AMap mAMap -> d
    int[] ALT_HEATMAP_GRADIENT_COLORS -> e
    float[] ALT_HEATMAP_GRADIENT_START_POINTS -> a
    com.amap.api.maps.model.Gradient ALT_HEATMAP_GRADIENT -> b
    void onCreate(android.os.Bundle) -> onCreate
    void initDataAndHeatMap() -> a
    void onResume() -> onResume
    void onPause() -> onPause
    void onSaveInstanceState(android.os.Bundle) -> onSaveInstanceState
    void onDestroy() -> onDestroy
...
com.amap.api.services.core.am -> com.amap.api.services.core.am:
    com.amap.api.services.core.ah a -> a
    android.content.Context b -> b
    com.amap.api.services.core.ah a(android.content.Context) -> a
    void a(com.amap.api.services.core.ac) -> a
    java.util.List a() -> a
com.amap.api.services.core.an -> com.amap.api.services.core.an:
    java.lang.String a -> a
    java.lang.String b -> b
    java.lang.String c -> c
    java.lang.String d -> d
    java.lang.String e -> e
    java.lang.String f -> f
    com.amap.api.services.core.ac g -> g
    android.content.ContentValues b() -> b
    com.amap.api.services.core.ac a(android.database.Cursor) -> a
    void a(com.amap.api.services.core.ac) -> a
    java.lang.String a() -> a
    java.lang.String[] b(java.lang.String) -> b
    java.lang.String a(java.lang.String[]) -> a
    java.lang.String a(java.lang.String) -> a
    java.lang.String c() -> c
    void a(java.lang.Object) -> a
    java.lang.Object b(android.database.Cursor) -> b
com.amap.api.services.core.ao -> com.amap.api.services.core.ao:
    android.content.ContentValues b() -> b
    java.lang.Object b(android.database.Cursor) -> b
    void a(java.lang.Object) -> a
    java.lang.String a() -> a
com.amap.api.services.core.ap -> com.amap.api.services.core.ap:
    com.amap.api.services.core.ah a -> a
    android.content.Context b -> b
    com.amap.api.services.core.ah a(android.content.Context) -> a
    com.amap.api.services.core.ar a() -> a
    void a(com.amap.api.services.core.ar) -> a
com.amap.api.services.core.aq -> com.amap.api.services.core.aq:
    com.amap.api.services.core.ar a -> a
    java.lang.String b -> b
    java.lang.String c -> c
    java.lang.String d -> d
    android.content.ContentValues b() -> b
    com.amap.api.services.core.ar a(android.database.Cursor) -> a
    void a(com.amap.api.services.core.ar) -> a
    java.lang.String a() -> a
    void a(java.lang.Object) -> a
    java.lang.Object b(android.database.Cursor) -> b
com.amap.api.services.core.ar -> com.amap.api.services.core.ar:
    boolean a -> a
    boolean b -> b
    boolean c -> c
    void a(boolean) -> a
    boolean a() -> a
    void b(boolean) -> b
    boolean b() -> b
    void c(boolean) -> c
    boolean c() -> c
com.amap.api.services.core.as -> com.amap.api.services.core.as:
    java.lang.String a(java.lang.String) -> a
    java.lang.String b(java.lang.String) -> b
com.amap.api.services.core.at -> com.amap.api.services.core.at:
    java.lang.String a -> a
    java.lang.String b -> b
com.amap.api.services.core.au -> com.amap.api.services.core.au:
    com.amap.api.services.core.au a -> a
    java.util.concurrent.ExecutorService b -> b
    java.util.concurrent.ConcurrentHashMap c -> c
    com.amap.api.services.core.aw$a d -> d
    com.amap.api.services.core.au a(int) -> a
    void a(com.amap.api.services.core.aw,boolean) -> a
    void a(com.amap.api.services.core.au,com.amap.api.services.core.aw,boolean) -> a
com.amap.api.services.core.av -> com.amap.api.services.core.av:
    com.amap.api.services.core.au a -> a
    void a(com.amap.api.services.core.aw) -> a
    void b(com.amap.api.services.core.aw) -> b
com.amap.api.services.core.aw -> com.amap.api.services.core.aw:
    com.amap.api.services.core.aw$a a -> a
    void run() -> run
    void a() -> a
com.amap.api.services.core.aw$a -> com.amap.api.services.core.aw$a:
    void a(com.amap.api.services.core.aw) -> a
    void b(com.amap.api.services.core.aw) -> b