AMap_Android_API_3DMap_Demo_V2.4.0_Location_API_V1.3.0/proguard/usage.txt
com.doubletuan.wing.BuildConfig
com.doubletuan.wing.R
com.doubletuan.wing.R$array
com.doubletuan.wing.R$attr
com.doubletuan.wing.R$color
com.doubletuan.wing.R$drawable
com.doubletuan.wing.R$id
com.doubletuan.wing.R$layout
com.doubletuan.wing.R$string
com.doubletuan.wing.basic.CameraActivity:
    private static final int SCROLL_BY_PX
com.doubletuan.wing.basic.MapOptionActivity:
    private static final java.lang.String MAP_FRAGMENT_TAG
com.doubletuan.wing.busline.BuslineActivity:
    private com.amap.api.services.busline.BusStationQuery busStationQuery
com.doubletuan.wing.location.LocationSensorSourceActivity:
    private android.content.Context mContext
com.doubletuan.wing.offlinemap.OfflineMapActivity:
    384:401:private java.lang.String getSdCacheDir(android.content.Context)
com.doubletuan.wing.overlay.CircleActivity:
    private static final int WIDTH_MAX
    private static final int HUE_MAX
    private static final int ALPHA_MAX
com.doubletuan.wing.overlay.PolygonActivity:
    private static final int WIDTH_MAX
    private static final int HUE_MAX
    private static final int ALPHA_MAX
com.doubletuan.wing.overlay.PolylineActivity:
    private static final int WIDTH_MAX
    private static final int HUE_MAX
    private static final int ALPHA_MAX
com.doubletuan.wing.poisearch.PoiAroundSearchActivity:
    private static synthetic int[] $SWITCH_TABLE$com$amap$api$services$poisearch$PoiItemDetail$DeepType
    367:408:private java.lang.StringBuffer getDeepInfo(com.amap.api.services.poisearch.PoiItemDetail,java.lang.StringBuffer)
    45:45:static synthetic int[] $SWITCH_TABLE$com$amap$api$services$poisearch$PoiItemDetail$DeepType()
com.doubletuan.wing.poisearch.PoiKeywordSearchActivity:
    226:237:public java.lang.String getApplicationName()
com.doubletuan.wing.route.RouteActivity:
    public android.widget.ArrayAdapter aAdapter
com.doubletuan.wing.route.RouteSearchPoiDialog:
    26:27:public RouteSearchPoiDialog(android.content.Context)
com.doubletuan.wing.util.AMapUtil:
    public static final java.lang.String HtmlBlack
    public static final java.lang.String HtmlGray
    19:19:public AMapUtil()
    33:33:public static android.text.Spanned stringToSpan(java.lang.String)
    37:41:public static java.lang.String colorFont(java.lang.String,java.lang.String)
    45:45:public static java.lang.String makeHtmlNewLine()
    49:54:public static java.lang.String makeHtmlSpace(int)
    58:81:public static java.lang.String getFriendlyLength(int)
    85:85:public static boolean IsEmptyOrNullString(java.lang.String)
    106:111:public static java.util.ArrayList convertArrList(java.util.List)
com.doubletuan.wing.util.ChString
com.doubletuan.wing.util.Constants:
    public static final int ERROR
    public static final int ROUTE_START_SEARCH
    public static final int ROUTE_END_SEARCH
    public static final int ROUTE_BUS_RESULT
    public static final int ROUTE_DRIVING_RESULT
    public static final int ROUTE_WALK_RESULT
    public static final int ROUTE_NO_RESULT
    public static final int GEOCODER_RESULT
    public static final int GEOCODER_NO_RESULT
    public static final int POISEARCH
    public static final int POISEARCH_NO_RESULT
    public static final int POISEARCH_NEXT
    public static final int BUSLINE_LINE_RESULT
    public static final int BUSLINE_id_RESULT
    public static final int BUSLINE_NO_RESULT
    5:5:public Constants()
com.doubletuan.wing.util.OffLineMapUtils:
    6:6:public OffLineMapUtils()
com.doubletuan.wing.util.ToastUtil:
    9:9:public ToastUtil()
...
android.support.v4.view.PagerTitleStripIcs$SingleLineAllCapsTransform:
    private static final java.lang.String TAG
android.support.v4.view.VelocityTrackerCompat:
    25:51:public VelocityTrackerCompat()
    91:91:public static float getYVelocity(android.view.VelocityTracker,int)
android.support.v4.view.VelocityTrackerCompat$BaseVelocityTrackerVersionImpl:
    44:44:public float getYVelocity(android.view.VelocityTracker,int)
android.support.v4.view.VelocityTrackerCompat$HoneycombVelocityTrackerVersionImpl:
    58:58:public float getYVelocity(android.view.VelocityTracker,int)
android.support.v4.view.VelocityTrackerCompat$VelocityTrackerVersionImpl:
    public abstract float getYVelocity(android.view.VelocityTracker,int)
android.support.v4.view.VelocityTrackerCompatHoneycomb:
    24:24:VelocityTrackerCompatHoneycomb()
    29:29:public static float getYVelocity(android.view.VelocityTracker,int)
android.support.v4.view.ViewCompat:
    public static final int OVER_SCROLL_ALWAYS
    public static final int OVER_SCROLL_IF_CONTENT_SCROLLS
    public static final int OVER_SCROLL_NEVER
    private static final long FAKE_FRAME_TIME
    public static final int IMPORTANT_FOR_ACCESSIBILITY_AUTO
    public static final int IMPORTANT_FOR_ACCESSIBILITY_YES
    public static final int IMPORTANT_FOR_ACCESSIBILITY_NO
    public static final int LAYER_TYPE_NONE
    public static final int LAYER_TYPE_SOFTWARE
    public static final int LAYER_TYPE_HARDWARE
    31:308:public ViewCompat()
    358:358:public static boolean canScrollVertically(android.view.View,int)
    387:388:public static void setOverScrollMode(android.view.View,int)
    424:425:public static void onPopulateAccessibilityEvent(android.view.View,android.view.accessibility.AccessibilityEvent)
    457:458:public static void onInitializeAccessibilityEvent(android.view.View,android.view.accessibility.AccessibilityEvent)
    493:494:public static void onInitializeAccessibilityNodeInfo(android.view.View,android.support.v4.view.accessibility.AccessibilityNodeInfoCompat)
    520:520:public static boolean hasTransientState(android.view.View)
    531:532:public static void setHasTransientState(android.view.View,boolean)
    562:563:public static void postInvalidateOnAnimation(android.view.View,int,int,int,int)
    593:594:public static void postOnAnimationDelayed(android.view.View,java.lang.Runnable,long)
android.support.v4.view.ViewCompat$BaseViewCompatImpl:
    144:144:public boolean canScrollVertically(android.view.View,int)
    151:151:public void setOverScrollMode(android.view.View,int)
    157:157:public void onPopulateAccessibilityEvent(android.view.View,android.view.accessibility.AccessibilityEvent)
    160:160:public void onInitializeAccessibilityEvent(android.view.View,android.view.accessibility.AccessibilityEvent)
    163:163:public void onInitializeAccessibilityNodeInfo(android.view.View,android.support.v4.view.accessibility.AccessibilityNodeInfoCompat)
    166:166:public boolean hasTransientState(android.view.View)
    170:170:public void setHasTransientState(android.view.View,boolean)
    175:176:public void postInvalidateOnAnimation(android.view.View,int,int,int,int)
    181:182:public void postOnAnimationDelayed(android.view.View,java.lang.Runnable,long)
    193:193:public boolean performAccessibilityAction(android.view.View,int,android.os.Bundle)
    196:196:public android.support.v4.view.accessibility.AccessibilityNodeProviderCompat getAccessibilityNodeProvider(android.view.View)
    201:201:public int getLayerType(android.view.View)
    204:204:public int getLabelFor(android.view.View)
    208:208:public void setLabelFor(android.view.View,int)
android.support.v4.view.ViewCompat$GBViewCompatImpl:
    218:219:public void setOverScrollMode(android.view.View,int)
android.support.v4.view.ViewCompat$HCViewCompatImpl:
    230:230:public int getLayerType(android.view.View)